19-Nov-2018 00:04:58.208 INFO [main] org.apache.catalina.core.ApplicationContext.log ContextListener: contextInitialized()
19-Nov-2018 00:04:58.208 INFO [main] org.apache.catalina.core.ApplicationContext.log SessionListener: contextInitialized()
19-Nov-2018 00:04:58.210 INFO [main] org.apache.catalina.core.ApplicationContext.log ContextListener: attributeAdded('StockTicker', 'async.Stockticker@15b82644')
19-Nov-2018 00:06:04.177 INFO [main] org.apache.catalina.core.ApplicationContext.log SessionListener: contextDestroyed()
19-Nov-2018 00:06:04.177 INFO [main] org.apache.catalina.core.ApplicationContext.log ContextListener: contextDestroyed()
19-Nov-2018 00:06:14.205 INFO [main] org.apache.catalina.core.ApplicationContext.log ContextListener: contextInitialized()
19-Nov-2018 00:06:14.205 INFO [main] org.apache.catalina.core.ApplicationContext.log SessionListener: contextInitialized()
19-Nov-2018 00:06:14.207 INFO [main] org.apache.catalina.core.ApplicationContext.log ContextListener: attributeAdded('StockTicker', 'async.Stockticker@15b82644')
19-Nov-2018 00:06:30.340 INFO [main] org.apache.catalina.core.ApplicationContext.log SessionListener: contextDestroyed()
19-Nov-2018 00:06:30.340 INFO [main] org.apache.catalina.core.ApplicationContext.log ContextListener: contextDestroyed()
19-Nov-2018 00:07:02.066 INFO [main] org.apache.catalina.core.ApplicationContext.log ContextListener: contextInitialized()
19-Nov-2018 00:07:02.066 INFO [main] org.apache.catalina.core.ApplicationContext.log SessionListener: contextInitialized()
19-Nov-2018 00:07:02.067 INFO [main] org.apache.catalina.core.ApplicationContext.log ContextListener: attributeAdded('StockTicker', 'async.Stockticker@15b82644')
19-Nov-2018 00:07:19.366 INFO [main] org.apache.catalina.core.ApplicationContext.log SessionListener: contextDestroyed()
19-Nov-2018 00:07:19.367 INFO [main] org.apache.catalina.core.ApplicationContext.log ContextListener: contextDestroyed()
19-Nov-2018 00:07:50.288 INFO [main] org.apache.catalina.core.ApplicationContext.log ContextListener: contextInitialized()
19-Nov-2018 00:07:50.289 INFO [main] org.apache.catalina.core.ApplicationContext.log SessionListener: contextInitialized()
19-Nov-2018 00:07:50.290 INFO [main] org.apache.catalina.core.ApplicationContext.log ContextListener: attributeAdded('StockTicker', 'async.Stockticker@5d425813')
19-Nov-2018 00:10:36.082 INFO [main] org.apache.catalina.core.ApplicationContext.log SessionListener: contextDestroyed()
19-Nov-2018 00:10:36.082 INFO [main] org.apache.catalina.core.ApplicationContext.log ContextListener: contextDestroyed()
19-Nov-2018 00:17:14.962 INFO [main] org.apache.catalina.core.ApplicationContext.log ContextListener: contextInitialized()
19-Nov-2018 00:17:14.962 INFO [main] org.apache.catalina.core.ApplicationContext.log SessionListener: contextInitialized()
19-Nov-2018 00:17:14.964 INFO [main] org.apache.catalina.core.ApplicationContext.log ContextListener: attributeAdded('StockTicker', 'async.Stockticker@5d425813')
19-Nov-2018 00:21:54.254 INFO [main] org.apache.catalina.core.ApplicationContext.log SessionListener: contextDestroyed()
19-Nov-2018 00:21:54.254 INFO [main] org.apache.catalina.core.ApplicationContext.log ContextListener: contextDestroyed()
19-Nov-2018 00:31:21.001 INFO [main] org.apache.catalina.core.ApplicationContext.log ContextListener: contextInitialized()
19-Nov-2018 00:31:21.001 INFO [main] org.apache.catalina.core.ApplicationContext.log SessionListener: contextInitialized()
19-Nov-2018 00:31:21.003 INFO [main] org.apache.catalina.core.ApplicationContext.log ContextListener: attributeAdded('StockTicker', 'async.Stockticker@15b82644')
19-Nov-2018 00:34:20.739 INFO [main] org.apache.catalina.core.ApplicationContext.log SessionListener: contextDestroyed()
19-Nov-2018 00:34:20.739 INFO [main] org.apache.catalina.core.ApplicationContext.log ContextListener: contextDestroyed()
19-Nov-2018 00:44:26.929 INFO [main] org.apache.catalina.core.ApplicationContext.log ContextListener: contextInitialized()
19-Nov-2018 00:44:26.929 INFO [main] org.apache.catalina.core.ApplicationContext.log SessionListener: contextInitialized()
19-Nov-2018 00:44:26.930 INFO [main] org.apache.catalina.core.ApplicationContext.log ContextListener: attributeAdded('StockTicker', 'async.Stockticker@15b82644')
19-Nov-2018 01:00:23.482 INFO [main] org.apache.catalina.core.ApplicationContext.log SessionListener: contextDestroyed()
19-Nov-2018 01:00:23.482 INFO [main] org.apache.catalina.core.ApplicationContext.log ContextListener: contextDestroyed()
19-Nov-2018 01:00:30.380 INFO [main] org.apache.catalina.core.ApplicationContext.log ContextListener: contextInitialized()
19-Nov-2018 01:00:30.380 INFO [main] org.apache.catalina.core.ApplicationContext.log SessionListener: contextInitialized()
19-Nov-2018 01:00:30.382 INFO [main] org.apache.catalina.core.ApplicationContext.log ContextListener: attributeAdded('StockTicker', 'async.Stockticker@53830483')
19-Nov-2018 01:25:56.048 INFO [main] org.apache.catalina.core.ApplicationContext.log SessionListener: contextDestroyed()
19-Nov-2018 01:25:56.049 INFO [main] org.apache.catalina.core.ApplicationContext.log ContextListener: contextDestroyed()
19-Nov-2018 01:31:01.218 INFO [main] org.apache.catalina.core.ApplicationContext.log ContextListener: contextInitialized()
19-Nov-2018 01:31:01.218 INFO [main] org.apache.catalina.core.ApplicationContext.log SessionListener: contextInitialized()
19-Nov-2018 01:31:01.221 INFO [main] org.apache.catalina.core.ApplicationContext.log ContextListener: attributeAdded('StockTicker', 'async.Stockticker@15b82644')
19-Nov-2018 01:31:09.255 INFO [main] org.apache.catalina.core.ApplicationContext.log SessionListener: contextDestroyed()
19-Nov-2018 01:31:09.255 INFO [main] org.apache.catalina.core.ApplicationContext.log ContextListener: contextDestroyed()
19-Nov-2018 01:31:27.804 INFO [main] org.apache.catalina.core.ApplicationContext.log ContextListener: contextInitialized()
19-Nov-2018 01:31:27.805 INFO [main] org.apache.catalina.core.ApplicationContext.log SessionListener: contextInitialized()
19-Nov-2018 01:31:27.808 INFO [main] org.apache.catalina.core.ApplicationContext.log ContextListener: attributeAdded('StockTicker', 'async.Stockticker@608bc8f8')
19-Nov-2018 01:31:28.091 INFO [main] org.apache.catalina.core.ApplicationContext.log SessionListener: contextDestroyed()
19-Nov-2018 01:31:28.091 INFO [main] org.apache.catalina.core.ApplicationContext.log ContextListener: contextDestroyed()
19-Nov-2018 01:31:41.280 INFO [main] org.apache.catalina.core.ApplicationContext.log ContextListener: contextInitialized()
19-Nov-2018 01:31:41.281 INFO [main] org.apache.catalina.core.ApplicationContext.log SessionListener: contextInitialized()
19-Nov-2018 01:31:41.284 INFO [main] org.apache.catalina.core.ApplicationContext.log ContextListener: attributeAdded('StockTicker', 'async.Stockticker@15b82644')
19-Nov-2018 01:32:19.447 INFO [main] org.apache.catalina.core.ApplicationContext.log SessionListener: contextDestroyed()
19-Nov-2018 01:32:19.447 INFO [main] org.apache.catalina.core.ApplicationContext.log ContextListener: contextDestroyed()
19-Nov-2018 01:32:50.420 INFO [main] org.apache.catalina.core.ApplicationContext.log ContextListener: contextInitialized()
19-Nov-2018 01:32:50.420 INFO [main] org.apache.catalina.core.ApplicationContext.log SessionListener: contextInitialized()
19-Nov-2018 01:32:50.423 INFO [main] org.apache.catalina.core.ApplicationContext.log ContextListener: attributeAdded('StockTicker', 'async.Stockticker@5d39f2d8')
19-Nov-2018 01:33:20.102 INFO [main] org.apache.catalina.core.ApplicationContext.log SessionListener: contextDestroyed()
19-Nov-2018 01:33:20.102 INFO [main] org.apache.catalina.core.ApplicationContext.log ContextListener: contextDestroyed()
19-Nov-2018 01:34:09.641 INFO [main] org.apache.catalina.core.ApplicationContext.log ContextListener: contextInitialized()
19-Nov-2018 01:34:09.641 INFO [main] org.apache.catalina.core.ApplicationContext.log SessionListener: contextInitialized()
19-Nov-2018 01:34:09.643 INFO [main] org.apache.catalina.core.ApplicationContext.log ContextListener: attributeAdded('StockTicker', 'async.Stockticker@55ea2d70')
19-Nov-2018 01:34:10.583 INFO [main] org.apache.catalina.core.ApplicationContext.log SessionListener: contextDestroyed()
19-Nov-2018 01:34:10.583 INFO [main] org.apache.catalina.core.ApplicationContext.log ContextListener: contextDestroyed()
19-Nov-2018 01:34:42.522 INFO [main] org.apache.catalina.core.ApplicationContext.log ContextListener: contextInitialized()
19-Nov-2018 01:34:42.522 INFO [main] org.apache.catalina.core.ApplicationContext.log SessionListener: contextInitialized()
19-Nov-2018 01:34:42.524 INFO [main] org.apache.catalina.core.ApplicationContext.log ContextListener: attributeAdded('StockTicker', 'async.Stockticker@1869f114')
19-Nov-2018 01:34:48.346 INFO [main] org.apache.catalina.core.ApplicationContext.log SessionListener: contextDestroyed()
19-Nov-2018 01:34:48.346 INFO [main] org.apache.catalina.core.ApplicationContext.log ContextListener: contextDestroyed()
19-Nov-2018 01:35:19.959 INFO [main] org.apache.catalina.core.ApplicationContext.log ContextListener: contextInitialized()
19-Nov-2018 01:35:19.960 INFO [main] org.apache.catalina.core.ApplicationContext.log SessionListener: contextInitialized()
19-Nov-2018 01:35:19.963 INFO [main] org.apache.catalina.core.ApplicationContext.log ContextListener: attributeAdded('StockTicker', 'async.Stockticker@1869f114')
19-Nov-2018 01:35:53.374 INFO [main] org.apache.catalina.core.ApplicationContext.log SessionListener: contextDestroyed()
19-Nov-2018 01:35:53.375 INFO [main] org.apache.catalina.core.ApplicationContext.log ContextListener: contextDestroyed()
19-Nov-2018 01:40:00.226 INFO [main] org.apache.catalina.core.ApplicationContext.log ContextListener: contextInitialized()
19-Nov-2018 01:40:00.227 INFO [main] org.apache.catalina.core.ApplicationContext.log SessionListener: contextInitialized()
19-Nov-2018 01:40:00.229 INFO [main] org.apache.catalina.core.ApplicationContext.log ContextListener: attributeAdded('StockTicker', 'async.Stockticker@1d207fad')
19-Nov-2018 01:40:00.280 INFO [main] org.apache.catalina.core.ApplicationContext.log SessionListener: contextDestroyed()
19-Nov-2018 01:40:00.280 INFO [main] org.apache.catalina.core.ApplicationContext.log ContextListener: contextDestroyed()
19-Nov-2018 01:43:06.780 INFO [main] org.apache.catalina.core.ApplicationContext.log ContextListener: contextInitialized()
19-Nov-2018 01:43:06.781 INFO [main] org.apache.catalina.core.ApplicationContext.log SessionListener: contextInitialized()
19-Nov-2018 01:43:06.783 INFO [main] org.apache.catalina.core.ApplicationContext.log ContextListener: attributeAdded('StockTicker', 'async.Stockticker@25b865b5')
19-Nov-2018 01:43:07.060 INFO [main] org.apache.catalina.core.ApplicationContext.log SessionListener: contextDestroyed()
19-Nov-2018 01:43:07.060 INFO [main] org.apache.catalina.core.ApplicationContext.log ContextListener: contextDestroyed()
19-Nov-2018 01:45:14.919 INFO [main] org.apache.catalina.core.ApplicationContext.log ContextListener: contextInitialized()
19-Nov-2018 01:45:14.919 INFO [main] org.apache.catalina.core.ApplicationContext.log SessionListener: contextInitialized()
19-Nov-2018 01:45:14.923 INFO [main] org.apache.catalina.core.ApplicationContext.log ContextListener: attributeAdded('StockTicker', 'async.Stockticker@1869f114')
19-Nov-2018 01:45:14.972 INFO [main] org.apache.catalina.core.ApplicationContext.log SessionListener: contextDestroyed()
19-Nov-2018 01:45:14.972 INFO [main] org.apache.catalina.core.ApplicationContext.log ContextListener: contextDestroyed()
19-Nov-2018 01:46:14.822 INFO [main] org.apache.catalina.core.ApplicationContext.log ContextListener: contextInitialized()
19-Nov-2018 01:46:14.822 INFO [main] org.apache.catalina.core.ApplicationContext.log SessionListener: contextInitialized()
19-Nov-2018 01:46:14.824 INFO [main] org.apache.catalina.core.ApplicationContext.log ContextListener: attributeAdded('StockTicker', 'async.Stockticker@55ea2d70')
19-Nov-2018 01:53:38.436 INFO [main] org.apache.catalina.core.ApplicationContext.log SessionListener: contextDestroyed()
19-Nov-2018 01:53:38.437 INFO [main] org.apache.catalina.core.ApplicationContext.log ContextListener: contextDestroyed()
19-Nov-2018 01:53:44.515 INFO [main] org.apache.catalina.core.ApplicationContext.log ContextListener: contextInitialized()
19-Nov-2018 01:53:44.515 INFO [main] org.apache.catalina.core.ApplicationContext.log SessionListener: contextInitialized()
19-Nov-2018 01:53:44.518 INFO [main] org.apache.catalina.core.ApplicationContext.log ContextListener: attributeAdded('StockTicker', 'async.Stockticker@15b82644')
19-Nov-2018 02:09:51.004 INFO [main] org.apache.catalina.core.ApplicationContext.log SessionListener: contextDestroyed()
19-Nov-2018 02:09:51.004 INFO [main] org.apache.catalina.core.ApplicationContext.log ContextListener: contextDestroyed()
19-Nov-2018 02:09:56.956 INFO [main] org.apache.catalina.core.ApplicationContext.log ContextListener: contextInitialized()
19-Nov-2018 02:09:56.956 INFO [main] org.apache.catalina.core.ApplicationContext.log SessionListener: contextInitialized()
19-Nov-2018 02:09:56.959 INFO [main] org.apache.catalina.core.ApplicationContext.log ContextListener: attributeAdded('StockTicker', 'async.Stockticker@1f3165e7')
19-Nov-2018 02:28:56.316 INFO [main] org.apache.catalina.core.ApplicationContext.log SessionListener: contextDestroyed()
19-Nov-2018 02:28:56.317 INFO [main] org.apache.catalina.core.ApplicationContext.log ContextListener: contextDestroyed()
19-Nov-2018 02:29:01.778 INFO [main] org.apache.catalina.core.ApplicationContext.log ContextListener: contextInitialized()
19-Nov-2018 02:29:01.778 INFO [main] org.apache.catalina.core.ApplicationContext.log SessionListener: contextInitialized()
19-Nov-2018 02:29:01.781 INFO [main] org.apache.catalina.core.ApplicationContext.log ContextListener: attributeAdded('StockTicker', 'async.Stockticker@15b82644')
19-Nov-2018 03:24:42.102 INFO [main] org.apache.catalina.core.ApplicationContext.log SessionListener: contextDestroyed()
19-Nov-2018 03:24:42.103 INFO [main] org.apache.catalina.core.ApplicationContext.log ContextListener: contextDestroyed()
19-Nov-2018 03:24:50.610 INFO [main] org.apache.catalina.core.ApplicationContext.log ContextListener: contextInitialized()
19-Nov-2018 03:24:50.610 INFO [main] org.apache.catalina.core.ApplicationContext.log SessionListener: contextInitialized()
19-Nov-2018 03:24:50.613 INFO [main] org.apache.catalina.core.ApplicationContext.log ContextListener: attributeAdded('StockTicker', 'async.Stockticker@6ff6efdc')
19-Nov-2018 15:04:32.494 INFO [main] org.apache.catalina.core.ApplicationContext.log SessionListener: contextDestroyed()
19-Nov-2018 15:04:32.495 INFO [main] org.apache.catalina.core.ApplicationContext.log ContextListener: contextDestroyed()
19-Nov-2018 17:31:34.124 INFO [main] org.apache.catalina.core.ApplicationContext.log ContextListener: contextInitialized()
19-Nov-2018 17:31:34.124 INFO [main] org.apache.catalina.core.ApplicationContext.log SessionListener: contextInitialized()
19-Nov-2018 17:31:34.127 INFO [main] org.apache.catalina.core.ApplicationContext.log ContextListener: attributeAdded('StockTicker', 'async.Stockticker@14229fa7')
19-Nov-2018 17:39:17.214 INFO [main] org.apache.catalina.core.ApplicationContext.log SessionListener: contextDestroyed()
19-Nov-2018 17:39:17.214 INFO [main] org.apache.catalina.core.ApplicationContext.log ContextListener: contextDestroyed()
