19-Nov-2018 00:05:11.704 INFO [http-nio-8089-exec-2] org.apache.catalina.core.ApplicationContext.log HTMLManager: init: Associated with Deployer 'Catalina:type=Deployer,host=localhost'
19-Nov-2018 00:05:11.704 INFO [http-nio-8089-exec-2] org.apache.catalina.core.ApplicationContext.log HTMLManager: init: Global resources are available
19-Nov-2018 00:05:11.721 INFO [http-nio-8089-exec-2] org.apache.catalina.core.ApplicationContext.log HTMLManager: list: Listing contexts for virtual host 'localhost'
19-Nov-2018 00:05:15.073 INFO [http-nio-8089-exec-5] org.apache.catalina.core.ApplicationContext.log HTMLManager: undeploy: Undeploying web application at '/Assignement_Singleton'
19-Nov-2018 00:05:15.614 INFO [http-nio-8089-exec-5] org.apache.catalina.core.ApplicationContext.log HTMLManager: list: Listing contexts for virtual host 'localhost'
19-Nov-2018 00:05:17.168 INFO [http-nio-8089-exec-8] org.apache.catalina.core.ApplicationContext.log HTMLManager: undeploy: Undeploying web application at '/Assignement_SingletonClient'
19-Nov-2018 00:05:17.697 INFO [http-nio-8089-exec-8] org.apache.catalina.core.ApplicationContext.log HTMLManager: list: Listing contexts for virtual host 'localhost'
19-Nov-2018 00:05:43.873 INFO [http-nio-8089-exec-7] org.apache.catalina.core.ApplicationContext.log HTMLManager: list: Listing contexts for virtual host 'localhost'
19-Nov-2018 00:05:56.252 INFO [http-nio-8089-exec-1] org.apache.catalina.core.ApplicationContext.log HTMLManager: list: Listing contexts for virtual host 'localhost'
19-Nov-2018 00:06:02.472 INFO [http-nio-8089-exec-2] org.apache.catalina.core.ApplicationContext.log HTMLManager: list: Listing contexts for virtual host 'localhost'
19-Nov-2018 00:06:26.581 INFO [http-nio-8089-exec-6] org.apache.catalina.core.ApplicationContext.log HTMLManager: init: Associated with Deployer 'Catalina:type=Deployer,host=localhost'
19-Nov-2018 00:06:26.582 INFO [http-nio-8089-exec-6] org.apache.catalina.core.ApplicationContext.log HTMLManager: init: Global resources are available
19-Nov-2018 00:06:26.591 INFO [http-nio-8089-exec-6] org.apache.catalina.core.ApplicationContext.log HTMLManager: list: Listing contexts for virtual host 'localhost'
19-Nov-2018 00:07:15.340 INFO [http-nio-8089-exec-6] org.apache.catalina.core.ApplicationContext.log HTMLManager: init: Associated with Deployer 'Catalina:type=Deployer,host=localhost'
19-Nov-2018 00:07:15.341 INFO [http-nio-8089-exec-6] org.apache.catalina.core.ApplicationContext.log HTMLManager: init: Global resources are available
19-Nov-2018 00:07:15.354 INFO [http-nio-8089-exec-6] org.apache.catalina.core.ApplicationContext.log HTMLManager: list: Listing contexts for virtual host 'localhost'
19-Nov-2018 00:07:56.760 INFO [http-nio-8089-exec-2] org.apache.catalina.core.ApplicationContext.log HTMLManager: init: Associated with Deployer 'Catalina:type=Deployer,host=localhost'
19-Nov-2018 00:07:56.762 INFO [http-nio-8089-exec-2] org.apache.catalina.core.ApplicationContext.log HTMLManager: init: Global resources are available
19-Nov-2018 00:07:56.771 INFO [http-nio-8089-exec-2] org.apache.catalina.core.ApplicationContext.log HTMLManager: list: Listing contexts for virtual host 'localhost'
19-Nov-2018 00:17:21.760 INFO [http-nio-8089-exec-4] org.apache.catalina.core.ApplicationContext.log HTMLManager: init: Associated with Deployer 'Catalina:type=Deployer,host=localhost'
19-Nov-2018 00:17:21.760 INFO [http-nio-8089-exec-4] org.apache.catalina.core.ApplicationContext.log HTMLManager: init: Global resources are available
19-Nov-2018 00:17:21.771 INFO [http-nio-8089-exec-4] org.apache.catalina.core.ApplicationContext.log HTMLManager: list: Listing contexts for virtual host 'localhost'
19-Nov-2018 01:00:52.777 INFO [http-nio-8089-exec-2] org.apache.catalina.core.ApplicationContext.log HTMLManager: init: Associated with Deployer 'Catalina:type=Deployer,host=localhost'
19-Nov-2018 01:00:52.777 INFO [http-nio-8089-exec-2] org.apache.catalina.core.ApplicationContext.log HTMLManager: init: Global resources are available
19-Nov-2018 01:00:52.799 INFO [http-nio-8089-exec-2] org.apache.catalina.core.ApplicationContext.log HTMLManager: list: Listing contexts for virtual host 'localhost'
19-Nov-2018 01:00:59.411 INFO [http-nio-8089-exec-5] org.apache.catalina.core.ApplicationContext.log HTMLManager: undeploy: Undeploying web application at '/Assignement_Singleton'
19-Nov-2018 01:00:59.972 INFO [http-nio-8089-exec-5] org.apache.catalina.core.ApplicationContext.log HTMLManager: list: Listing contexts for virtual host 'localhost'
19-Nov-2018 01:01:02.651 INFO [http-nio-8089-exec-9] org.apache.catalina.core.ApplicationContext.log HTMLManager: undeploy: Undeploying web application at '/Assignement_SingletonClient'
19-Nov-2018 01:01:03.203 INFO [http-nio-8089-exec-9] org.apache.catalina.core.ApplicationContext.log HTMLManager: list: Listing contexts for virtual host 'localhost'
19-Nov-2018 01:01:09.850 INFO [http-nio-8089-exec-6] org.apache.catalina.core.ApplicationContext.log HTMLManager: undeploy: Undeploying web application at '/Assignement_SingletonClient'
19-Nov-2018 01:01:09.850 INFO [http-nio-8089-exec-6] org.apache.catalina.core.ApplicationContext.log HTMLManager: list: Listing contexts for virtual host 'localhost'
19-Nov-2018 01:01:31.632 INFO [http-nio-8089-exec-10] org.apache.catalina.core.ApplicationContext.log HTMLManager: list: Listing contexts for virtual host 'localhost'
19-Nov-2018 01:01:46.129 INFO [http-nio-8089-exec-12] org.apache.catalina.core.ApplicationContext.log HTMLManager: list: Listing contexts for virtual host 'localhost'
19-Nov-2018 01:03:23.588 INFO [http-nio-8089-exec-14] org.apache.catalina.core.ApplicationContext.log HTMLManager: list: Listing contexts for virtual host 'localhost'
19-Nov-2018 01:13:34.416 INFO [http-nio-8089-exec-15] org.apache.catalina.core.ApplicationContext.log HTMLManager: list: Listing contexts for virtual host 'localhost'
19-Nov-2018 01:13:37.767 INFO [http-nio-8089-exec-12] org.apache.catalina.core.ApplicationContext.log HTMLManager: undeploy: Undeploying web application at '/Assignement_Singleton'
19-Nov-2018 01:13:37.964 INFO [http-nio-8089-exec-19] org.apache.catalina.core.ApplicationContext.log HTMLManager: undeploy: Undeploying web application at '/Assignement_Singleton'
19-Nov-2018 01:13:38.328 INFO [http-nio-8089-exec-19] org.apache.catalina.core.ApplicationContext.log HTMLManager: list: Listing contexts for virtual host 'localhost'
19-Nov-2018 01:13:38.331 INFO [http-nio-8089-exec-12] org.apache.catalina.core.ApplicationContext.log HTMLManager: list: Listing contexts for virtual host 'localhost'
19-Nov-2018 01:13:41.037 INFO [http-nio-8089-exec-18] org.apache.catalina.core.ApplicationContext.log HTMLManager: undeploy: Undeploying web application at '/Assignement_SingletonClient'
19-Nov-2018 01:13:41.570 INFO [http-nio-8089-exec-18] org.apache.catalina.core.ApplicationContext.log HTMLManager: list: Listing contexts for virtual host 'localhost'
19-Nov-2018 01:13:46.855 INFO [http-nio-8089-exec-16] org.apache.catalina.core.ApplicationContext.log HTMLManager: undeploy: Undeploying web application at '/Assignement_SingletonClient'
19-Nov-2018 01:13:46.855 INFO [http-nio-8089-exec-16] org.apache.catalina.core.ApplicationContext.log HTMLManager: list: Listing contexts for virtual host 'localhost'
19-Nov-2018 01:13:58.486 INFO [http-nio-8089-exec-20] org.apache.catalina.core.ApplicationContext.log HTMLManager: list: Listing contexts for virtual host 'localhost'
19-Nov-2018 01:14:10.120 INFO [http-nio-8089-exec-15] org.apache.catalina.core.ApplicationContext.log HTMLManager: list: Listing contexts for virtual host 'localhost'
19-Nov-2018 01:31:45.245 INFO [http-nio-8089-exec-3] org.apache.catalina.core.ApplicationContext.log HTMLManager: init: Associated with Deployer 'Catalina:type=Deployer,host=localhost'
19-Nov-2018 01:31:45.247 INFO [http-nio-8089-exec-3] org.apache.catalina.core.ApplicationContext.log HTMLManager: init: Global resources are available
19-Nov-2018 01:31:45.259 INFO [http-nio-8089-exec-3] org.apache.catalina.core.ApplicationContext.log HTMLManager: list: Listing contexts for virtual host 'localhost'
19-Nov-2018 01:31:55.589 INFO [http-nio-8089-exec-5] org.apache.catalina.core.ApplicationContext.log HTMLManager: undeploy: Undeploying web application at '/Assignement_Singleton'
19-Nov-2018 01:31:56.131 INFO [http-nio-8089-exec-5] org.apache.catalina.core.ApplicationContext.log HTMLManager: list: Listing contexts for virtual host 'localhost'
19-Nov-2018 01:31:58.219 INFO [http-nio-8089-exec-3] org.apache.catalina.core.ApplicationContext.log HTMLManager: undeploy: Undeploying web application at '/Assignement_SingletonClient'
19-Nov-2018 01:31:58.750 INFO [http-nio-8089-exec-3] org.apache.catalina.core.ApplicationContext.log HTMLManager: list: Listing contexts for virtual host 'localhost'
19-Nov-2018 01:32:14.245 INFO [http-nio-8089-exec-9] org.apache.catalina.core.ApplicationContext.log HTMLManager: list: Listing contexts for virtual host 'localhost'
19-Nov-2018 01:32:54.655 INFO [http-nio-8089-exec-2] org.apache.catalina.core.ApplicationContext.log HTMLManager: init: Associated with Deployer 'Catalina:type=Deployer,host=localhost'
19-Nov-2018 01:32:54.656 INFO [http-nio-8089-exec-2] org.apache.catalina.core.ApplicationContext.log HTMLManager: init: Global resources are available
19-Nov-2018 01:32:54.666 INFO [http-nio-8089-exec-2] org.apache.catalina.core.ApplicationContext.log HTMLManager: list: Listing contexts for virtual host 'localhost'
19-Nov-2018 01:46:24.044 INFO [http-nio-8089-exec-5] org.apache.catalina.core.ApplicationContext.log HTMLManager: init: Associated with Deployer 'Catalina:type=Deployer,host=localhost'
19-Nov-2018 01:46:24.045 INFO [http-nio-8089-exec-5] org.apache.catalina.core.ApplicationContext.log HTMLManager: init: Global resources are available
19-Nov-2018 01:46:24.062 INFO [http-nio-8089-exec-5] org.apache.catalina.core.ApplicationContext.log HTMLManager: list: Listing contexts for virtual host 'localhost'
19-Nov-2018 01:46:26.793 INFO [http-nio-8089-exec-6] org.apache.catalina.core.ApplicationContext.log HTMLManager: undeploy: Undeploying web application at '/Assignement_Singleton'
19-Nov-2018 01:46:27.338 INFO [http-nio-8089-exec-6] org.apache.catalina.core.ApplicationContext.log HTMLManager: list: Listing contexts for virtual host 'localhost'
19-Nov-2018 01:46:38.722 INFO [http-nio-8089-exec-8] org.apache.catalina.core.ApplicationContext.log HTMLManager: list: Listing contexts for virtual host 'localhost'
19-Nov-2018 01:46:52.847 INFO [http-nio-8089-exec-4] org.apache.catalina.core.ApplicationContext.log HTMLManager: list: Listing contexts for virtual host 'localhost'
19-Nov-2018 01:53:47.616 INFO [http-nio-8089-exec-2] org.apache.catalina.core.ApplicationContext.log HTMLManager: init: Associated with Deployer 'Catalina:type=Deployer,host=localhost'
19-Nov-2018 01:53:47.617 INFO [http-nio-8089-exec-2] org.apache.catalina.core.ApplicationContext.log HTMLManager: init: Global resources are available
19-Nov-2018 01:53:47.629 INFO [http-nio-8089-exec-2] org.apache.catalina.core.ApplicationContext.log HTMLManager: list: Listing contexts for virtual host 'localhost'
19-Nov-2018 01:53:50.189 INFO [http-nio-8089-exec-3] org.apache.catalina.core.ApplicationContext.log HTMLManager: undeploy: Undeploying web application at '/Assignement_Singleton'
19-Nov-2018 01:53:50.736 INFO [http-nio-8089-exec-3] org.apache.catalina.core.ApplicationContext.log HTMLManager: list: Listing contexts for virtual host 'localhost'
19-Nov-2018 01:53:52.200 INFO [http-nio-8089-exec-8] org.apache.catalina.core.ApplicationContext.log HTMLManager: undeploy: Undeploying web application at '/Assignement_SingletonClient'
19-Nov-2018 01:53:52.740 INFO [http-nio-8089-exec-8] org.apache.catalina.core.ApplicationContext.log HTMLManager: list: Listing contexts for virtual host 'localhost'
19-Nov-2018 01:54:11.668 INFO [http-nio-8089-exec-5] org.apache.catalina.core.ApplicationContext.log HTMLManager: list: Listing contexts for virtual host 'localhost'
19-Nov-2018 01:54:26.146 INFO [http-nio-8089-exec-7] org.apache.catalina.core.ApplicationContext.log HTMLManager: list: Listing contexts for virtual host 'localhost'
19-Nov-2018 01:58:28.299 INFO [http-nio-8089-exec-12] org.apache.catalina.core.ApplicationContext.log HTMLManager: list: Listing contexts for virtual host 'localhost'
19-Nov-2018 01:58:33.298 INFO [http-nio-8089-exec-14] org.apache.catalina.core.ApplicationContext.log HTMLManager: undeploy: Undeploying web application at '/Assignement_Singleton'
19-Nov-2018 01:58:33.845 INFO [http-nio-8089-exec-14] org.apache.catalina.core.ApplicationContext.log HTMLManager: list: Listing contexts for virtual host 'localhost'
19-Nov-2018 01:58:36.182 INFO [http-nio-8089-exec-12] org.apache.catalina.core.ApplicationContext.log HTMLManager: undeploy: Undeploying web application at '/Assignement_SingletonClient'
19-Nov-2018 01:58:36.715 INFO [http-nio-8089-exec-12] org.apache.catalina.core.ApplicationContext.log HTMLManager: list: Listing contexts for virtual host 'localhost'
19-Nov-2018 01:59:23.146 INFO [http-nio-8089-exec-22] org.apache.catalina.core.ApplicationContext.log HTMLManager: list: Listing contexts for virtual host 'localhost'
19-Nov-2018 01:59:37.968 INFO [http-nio-8089-exec-24] org.apache.catalina.core.ApplicationContext.log HTMLManager: list: Listing contexts for virtual host 'localhost'
19-Nov-2018 02:00:31.274 INFO [http-nio-8089-exec-29] org.apache.catalina.core.ApplicationContext.log HTMLManager: list: Listing contexts for virtual host 'localhost'
19-Nov-2018 02:10:00.972 INFO [http-nio-8089-exec-2] org.apache.catalina.core.ApplicationContext.log HTMLManager: init: Associated with Deployer 'Catalina:type=Deployer,host=localhost'
19-Nov-2018 02:10:00.973 INFO [http-nio-8089-exec-2] org.apache.catalina.core.ApplicationContext.log HTMLManager: init: Global resources are available
19-Nov-2018 02:10:00.985 INFO [http-nio-8089-exec-2] org.apache.catalina.core.ApplicationContext.log HTMLManager: list: Listing contexts for virtual host 'localhost'
19-Nov-2018 02:10:02.793 INFO [http-nio-8089-exec-3] org.apache.catalina.core.ApplicationContext.log HTMLManager: undeploy: Undeploying web application at '/Assignement_Singleton'
19-Nov-2018 02:10:03.335 INFO [http-nio-8089-exec-3] org.apache.catalina.core.ApplicationContext.log HTMLManager: list: Listing contexts for virtual host 'localhost'
19-Nov-2018 02:10:07.164 INFO [http-nio-8089-exec-7] org.apache.catalina.core.ApplicationContext.log HTMLManager: undeploy: Undeploying web application at '/Assignement_SingletonClient'
19-Nov-2018 02:10:07.705 INFO [http-nio-8089-exec-7] org.apache.catalina.core.ApplicationContext.log HTMLManager: list: Listing contexts for virtual host 'localhost'
19-Nov-2018 02:10:19.373 INFO [http-nio-8089-exec-9] org.apache.catalina.core.ApplicationContext.log HTMLManager: list: Listing contexts for virtual host 'localhost'
19-Nov-2018 02:10:34.929 INFO [http-nio-8089-exec-1] org.apache.catalina.core.ApplicationContext.log HTMLManager: list: Listing contexts for virtual host 'localhost'
19-Nov-2018 02:17:14.954 INFO [http-nio-8089-exec-19] org.apache.catalina.core.ApplicationContext.log HTMLManager: list: Listing contexts for virtual host 'localhost'
19-Nov-2018 02:17:17.610 INFO [http-nio-8089-exec-20] org.apache.catalina.core.ApplicationContext.log HTMLManager: undeploy: Undeploying web application at '/Assignement_Singleton'
19-Nov-2018 02:17:18.158 INFO [http-nio-8089-exec-20] org.apache.catalina.core.ApplicationContext.log HTMLManager: list: Listing contexts for virtual host 'localhost'
19-Nov-2018 02:17:19.161 INFO [http-nio-8089-exec-15] org.apache.catalina.core.ApplicationContext.log HTMLManager: undeploy: Undeploying web application at '/Assignement_SingletonClient'
19-Nov-2018 02:17:19.689 INFO [http-nio-8089-exec-15] org.apache.catalina.core.ApplicationContext.log HTMLManager: list: Listing contexts for virtual host 'localhost'
19-Nov-2018 02:17:31.717 INFO [http-nio-8089-exec-12] org.apache.catalina.core.ApplicationContext.log HTMLManager: list: Listing contexts for virtual host 'localhost'
19-Nov-2018 02:17:41.535 INFO [http-nio-8089-exec-13] org.apache.catalina.core.ApplicationContext.log HTMLManager: list: Listing contexts for virtual host 'localhost'
19-Nov-2018 02:29:09.507 INFO [http-nio-8089-exec-2] org.apache.catalina.core.ApplicationContext.log HTMLManager: init: Associated with Deployer 'Catalina:type=Deployer,host=localhost'
19-Nov-2018 02:29:09.509 INFO [http-nio-8089-exec-2] org.apache.catalina.core.ApplicationContext.log HTMLManager: init: Global resources are available
19-Nov-2018 02:29:09.523 INFO [http-nio-8089-exec-2] org.apache.catalina.core.ApplicationContext.log HTMLManager: list: Listing contexts for virtual host 'localhost'
19-Nov-2018 02:29:17.320 INFO [http-nio-8089-exec-3] org.apache.catalina.core.ApplicationContext.log HTMLManager: undeploy: Undeploying web application at '/Assignement_Singleton'
19-Nov-2018 02:29:17.869 INFO [http-nio-8089-exec-3] org.apache.catalina.core.ApplicationContext.log HTMLManager: list: Listing contexts for virtual host 'localhost'
19-Nov-2018 02:29:25.609 INFO [http-nio-8089-exec-5] org.apache.catalina.core.ApplicationContext.log HTMLManager: undeploy: Undeploying web application at '/Assignement_SingletonClient'
19-Nov-2018 02:29:26.144 INFO [http-nio-8089-exec-5] org.apache.catalina.core.ApplicationContext.log HTMLManager: list: Listing contexts for virtual host 'localhost'
19-Nov-2018 02:29:38.299 INFO [http-nio-8089-exec-7] org.apache.catalina.core.ApplicationContext.log HTMLManager: list: Listing contexts for virtual host 'localhost'
19-Nov-2018 02:29:52.223 INFO [http-nio-8089-exec-1] org.apache.catalina.core.ApplicationContext.log HTMLManager: list: Listing contexts for virtual host 'localhost'
19-Nov-2018 02:36:03.804 INFO [http-nio-8089-exec-19] org.apache.catalina.core.ApplicationContext.log HTMLManager: list: Listing contexts for virtual host 'localhost'
19-Nov-2018 02:36:06.282 INFO [http-nio-8089-exec-17] org.apache.catalina.core.ApplicationContext.log HTMLManager: undeploy: Undeploying web application at '/Assignement_Singleton'
19-Nov-2018 02:36:06.852 INFO [http-nio-8089-exec-17] org.apache.catalina.core.ApplicationContext.log HTMLManager: list: Listing contexts for virtual host 'localhost'
19-Nov-2018 02:36:07.476 INFO [http-nio-8089-exec-21] org.apache.catalina.core.ApplicationContext.log HTMLManager: undeploy: Undeploying web application at '/Assignement_SingletonClient'
19-Nov-2018 02:36:08.014 INFO [http-nio-8089-exec-21] org.apache.catalina.core.ApplicationContext.log HTMLManager: list: Listing contexts for virtual host 'localhost'
19-Nov-2018 02:36:20.149 INFO [http-nio-8089-exec-19] org.apache.catalina.core.ApplicationContext.log HTMLManager: list: Listing contexts for virtual host 'localhost'
19-Nov-2018 02:36:32.375 INFO [http-nio-8089-exec-20] org.apache.catalina.core.ApplicationContext.log HTMLManager: list: Listing contexts for virtual host 'localhost'
19-Nov-2018 03:24:53.194 INFO [http-nio-8089-exec-2] org.apache.catalina.core.ApplicationContext.log HTMLManager: init: Associated with Deployer 'Catalina:type=Deployer,host=localhost'
19-Nov-2018 03:24:53.195 INFO [http-nio-8089-exec-2] org.apache.catalina.core.ApplicationContext.log HTMLManager: init: Global resources are available
19-Nov-2018 03:24:53.224 INFO [http-nio-8089-exec-2] org.apache.catalina.core.ApplicationContext.log HTMLManager: list: Listing contexts for virtual host 'localhost'
19-Nov-2018 03:24:57.339 INFO [http-nio-8089-exec-3] org.apache.catalina.core.ApplicationContext.log HTMLManager: undeploy: Undeploying web application at '/Assignement_Singleton'
19-Nov-2018 03:24:57.886 INFO [http-nio-8089-exec-3] org.apache.catalina.core.ApplicationContext.log HTMLManager: list: Listing contexts for virtual host 'localhost'
19-Nov-2018 03:24:59.044 INFO [http-nio-8089-exec-9] org.apache.catalina.core.ApplicationContext.log HTMLManager: undeploy: Undeploying web application at '/Assignement_SingletonClient'
19-Nov-2018 03:24:59.575 INFO [http-nio-8089-exec-9] org.apache.catalina.core.ApplicationContext.log HTMLManager: list: Listing contexts for virtual host 'localhost'
19-Nov-2018 03:25:19.823 INFO [http-nio-8089-exec-7] org.apache.catalina.core.ApplicationContext.log HTMLManager: list: Listing contexts for virtual host 'localhost'
19-Nov-2018 03:25:33.905 INFO [http-nio-8089-exec-10] org.apache.catalina.core.ApplicationContext.log HTMLManager: list: Listing contexts for virtual host 'localhost'
19-Nov-2018 03:31:12.548 INFO [http-nio-8089-exec-19] org.apache.catalina.core.ApplicationContext.log HTMLManager: list: Listing contexts for virtual host 'localhost'
19-Nov-2018 20:54:05.995 INFO [http-nio-8089-exec-4] org.apache.catalina.core.ApplicationContext.log HTMLManager: init: Associated with Deployer 'Catalina:type=Deployer,host=localhost'
19-Nov-2018 20:54:05.999 INFO [http-nio-8089-exec-4] org.apache.catalina.core.ApplicationContext.log HTMLManager: init: Global resources are available
19-Nov-2018 20:54:06.036 INFO [http-nio-8089-exec-4] org.apache.catalina.core.ApplicationContext.log HTMLManager: list: Listing contexts for virtual host 'localhost'
19-Nov-2018 20:54:09.076 INFO [http-nio-8089-exec-6] org.apache.catalina.core.ApplicationContext.log HTMLManager: undeploy: Undeploying web application at '/Assignment3_Singleton'
19-Nov-2018 20:54:09.624 INFO [http-nio-8089-exec-6] org.apache.catalina.core.ApplicationContext.log HTMLManager: list: Listing contexts for virtual host 'localhost'
19-Nov-2018 20:54:11.799 INFO [http-nio-8089-exec-7] org.apache.catalina.core.ApplicationContext.log HTMLManager: undeploy: Undeploying web application at '/Assignment3_SingletonClient'
19-Nov-2018 20:54:12.328 INFO [http-nio-8089-exec-7] org.apache.catalina.core.ApplicationContext.log HTMLManager: list: Listing contexts for virtual host 'localhost'
19-Nov-2018 20:54:31.097 INFO [http-nio-8089-exec-10] org.apache.catalina.core.ApplicationContext.log HTMLManager: list: Listing contexts for virtual host 'localhost'
19-Nov-2018 20:54:42.406 INFO [http-nio-8089-exec-8] org.apache.catalina.core.ApplicationContext.log HTMLManager: list: Listing contexts for virtual host 'localhost'
