16-Nov-2018 01:28:10.960 INFO [http-nio-8089-exec-3] org.apache.catalina.core.ApplicationContext.log HTMLManager: init: Associated with Deployer 'Catalina:type=Deployer,host=localhost'
16-Nov-2018 01:28:10.962 INFO [http-nio-8089-exec-3] org.apache.catalina.core.ApplicationContext.log HTMLManager: init: Global resources are available
16-Nov-2018 01:28:10.993 INFO [http-nio-8089-exec-3] org.apache.catalina.core.ApplicationContext.log HTMLManager: list: Listing contexts for virtual host 'localhost'
16-Nov-2018 01:28:18.839 INFO [http-nio-8089-exec-6] org.apache.catalina.core.ApplicationContext.log HTMLManager: list: Listing contexts for virtual host 'localhost'
16-Nov-2018 01:29:37.479 INFO [http-nio-8089-exec-10] org.apache.catalina.core.ApplicationContext.log HTMLManager: list: Listing contexts for virtual host 'localhost'
16-Nov-2018 01:32:07.210 INFO [http-nio-8089-exec-9] org.apache.catalina.core.ApplicationContext.log HTMLManager: list: Listing contexts for virtual host 'localhost'
16-Nov-2018 01:35:34.039 INFO [http-nio-8089-exec-2] org.apache.catalina.core.ApplicationContext.log HTMLManager: list: Listing contexts for virtual host 'localhost'
16-Nov-2018 01:37:49.814 INFO [http-nio-8089-exec-8] org.apache.catalina.core.ApplicationContext.log HTMLManager: list: Listing contexts for virtual host 'localhost'
16-Nov-2018 01:38:21.234 INFO [http-nio-8089-exec-1] org.apache.catalina.core.ApplicationContext.log HTMLManager: list: Listing contexts for virtual host 'localhost'
16-Nov-2018 01:38:26.470 INFO [http-nio-8089-exec-2] org.apache.catalina.core.ApplicationContext.log HTMLManager: list: Listing contexts for virtual host 'localhost'
16-Nov-2018 01:59:57.065 INFO [http-nio-8089-exec-7] org.apache.catalina.core.ApplicationContext.log HTMLManager: undeploy: Undeploying web application at '/Assignement_Singleton'
16-Nov-2018 01:59:57.626 INFO [http-nio-8089-exec-7] org.apache.catalina.core.ApplicationContext.log HTMLManager: list: Listing contexts for virtual host 'localhost'
16-Nov-2018 02:00:04.570 INFO [http-nio-8089-exec-3] org.apache.catalina.core.ApplicationContext.log HTMLManager: undeploy: Undeploying web application at '/Assignement_SingletonClient'
16-Nov-2018 02:00:05.190 INFO [http-nio-8089-exec-3] org.apache.catalina.core.ApplicationContext.log HTMLManager: list: Listing contexts for virtual host 'localhost'
16-Nov-2018 02:00:10.307 INFO [http-nio-8089-exec-8] org.apache.catalina.core.ApplicationContext.log HTMLManager: undeploy: Undeploying web application at '/Assignement_SingletonClient'
16-Nov-2018 02:00:10.309 INFO [http-nio-8089-exec-8] org.apache.catalina.core.ApplicationContext.log HTMLManager: list: Listing contexts for virtual host 'localhost'
16-Nov-2018 02:00:13.689 INFO [http-nio-8089-exec-2] org.apache.catalina.core.ApplicationContext.log HTMLManager: install: Installing web application from 'null'
16-Nov-2018 02:00:13.689 INFO [http-nio-8089-exec-2] org.apache.catalina.core.ApplicationContext.log HTMLManager: list: Listing contexts for virtual host 'localhost'
16-Nov-2018 02:00:38.593 INFO [http-nio-8089-exec-5] org.apache.catalina.core.ApplicationContext.log HTMLManager: list: Listing contexts for virtual host 'localhost'
16-Nov-2018 02:00:51.764 INFO [http-nio-8089-exec-10] org.apache.catalina.core.ApplicationContext.log HTMLManager: list: Listing contexts for virtual host 'localhost'
16-Nov-2018 02:00:56.555 INFO [http-nio-8089-exec-12] org.apache.catalina.core.ApplicationContext.log HTMLManager: list: Listing contexts for virtual host 'localhost'
16-Nov-2018 02:14:07.293 INFO [http-nio-8089-exec-2] org.apache.catalina.core.ApplicationContext.log HTMLManager: init: Associated with Deployer 'Catalina:type=Deployer,host=localhost'
16-Nov-2018 02:14:07.294 INFO [http-nio-8089-exec-2] org.apache.catalina.core.ApplicationContext.log HTMLManager: init: Global resources are available
16-Nov-2018 02:14:07.305 INFO [http-nio-8089-exec-2] org.apache.catalina.core.ApplicationContext.log HTMLManager: list: Listing contexts for virtual host 'localhost'
16-Nov-2018 02:14:11.898 INFO [http-nio-8089-exec-3] org.apache.catalina.core.ApplicationContext.log HTMLManager: list: Listing contexts for virtual host 'localhost'
16-Nov-2018 02:21:10.834 INFO [http-nio-8089-exec-2] org.apache.catalina.core.ApplicationContext.log HTMLManager: init: Associated with Deployer 'Catalina:type=Deployer,host=localhost'
16-Nov-2018 02:21:10.836 INFO [http-nio-8089-exec-2] org.apache.catalina.core.ApplicationContext.log HTMLManager: init: Global resources are available
16-Nov-2018 02:21:10.851 INFO [http-nio-8089-exec-2] org.apache.catalina.core.ApplicationContext.log HTMLManager: list: Listing contexts for virtual host 'localhost'
16-Nov-2018 02:21:13.772 INFO [http-nio-8089-exec-3] org.apache.catalina.core.ApplicationContext.log HTMLManager: undeploy: Undeploying web application at '/Assignement_Singleton'
16-Nov-2018 02:21:14.315 INFO [http-nio-8089-exec-3] org.apache.catalina.core.ApplicationContext.log HTMLManager: list: Listing contexts for virtual host 'localhost'
16-Nov-2018 02:21:17.508 INFO [http-nio-8089-exec-8] org.apache.catalina.core.ApplicationContext.log HTMLManager: undeploy: Undeploying web application at '/Assignement_SingletonClient'
16-Nov-2018 02:21:18.076 INFO [http-nio-8089-exec-8] org.apache.catalina.core.ApplicationContext.log HTMLManager: list: Listing contexts for virtual host 'localhost'
16-Nov-2018 02:21:21.981 INFO [http-nio-8089-exec-5] org.apache.catalina.core.ApplicationContext.log HTMLManager: undeploy: Undeploying web application at '/Assignement_SingletonClient'
16-Nov-2018 02:21:21.983 INFO [http-nio-8089-exec-5] org.apache.catalina.core.ApplicationContext.log HTMLManager: list: Listing contexts for virtual host 'localhost'
16-Nov-2018 02:21:37.281 INFO [http-nio-8089-exec-6] org.apache.catalina.core.ApplicationContext.log HTMLManager: list: Listing contexts for virtual host 'localhost'
16-Nov-2018 02:21:38.098 INFO [http-nio-8089-exec-10] org.apache.catalina.core.ApplicationContext.log HTMLManager: list: Listing contexts for virtual host 'localhost'
16-Nov-2018 02:22:10.784 INFO [http-nio-8089-exec-4] org.apache.catalina.core.ApplicationContext.log HTMLManager: list: Listing contexts for virtual host 'localhost'
16-Nov-2018 02:22:16.919 INFO [http-nio-8089-exec-12] org.apache.catalina.core.ApplicationContext.log HTMLManager: list: Listing contexts for virtual host 'localhost'
16-Nov-2018 02:22:23.994 INFO [http-nio-8089-exec-14] org.apache.catalina.core.ApplicationContext.log HTMLManager: list: Listing contexts for virtual host 'localhost'
16-Nov-2018 02:24:20.302 INFO [http-nio-8089-exec-2] org.apache.catalina.core.ApplicationContext.log HTMLManager: init: Associated with Deployer 'Catalina:type=Deployer,host=localhost'
16-Nov-2018 02:24:20.304 INFO [http-nio-8089-exec-2] org.apache.catalina.core.ApplicationContext.log HTMLManager: init: Global resources are available
16-Nov-2018 02:24:20.326 INFO [http-nio-8089-exec-2] org.apache.catalina.core.ApplicationContext.log HTMLManager: list: Listing contexts for virtual host 'localhost'
16-Nov-2018 02:26:10.918 INFO [http-nio-8089-exec-2] org.apache.catalina.core.ApplicationContext.log HTMLManager: init: Associated with Deployer 'Catalina:type=Deployer,host=localhost'
16-Nov-2018 02:26:10.919 INFO [http-nio-8089-exec-2] org.apache.catalina.core.ApplicationContext.log HTMLManager: init: Global resources are available
16-Nov-2018 02:26:10.929 INFO [http-nio-8089-exec-2] org.apache.catalina.core.ApplicationContext.log HTMLManager: list: Listing contexts for virtual host 'localhost'
16-Nov-2018 02:32:19.207 INFO [http-nio-8089-exec-1] org.apache.catalina.core.ApplicationContext.log HTMLManager: init: Associated with Deployer 'Catalina:type=Deployer,host=localhost'
16-Nov-2018 02:32:19.208 INFO [http-nio-8089-exec-1] org.apache.catalina.core.ApplicationContext.log HTMLManager: init: Global resources are available
16-Nov-2018 02:32:19.229 INFO [http-nio-8089-exec-1] org.apache.catalina.core.ApplicationContext.log HTMLManager: list: Listing contexts for virtual host 'localhost'
16-Nov-2018 02:32:21.476 INFO [http-nio-8089-exec-3] org.apache.catalina.core.ApplicationContext.log HTMLManager: list: Listing contexts for virtual host 'localhost'
16-Nov-2018 02:32:23.765 INFO [http-nio-8089-exec-4] org.apache.catalina.core.ApplicationContext.log HTMLManager: undeploy: Undeploying web application at '/Assignement_Singleton'
16-Nov-2018 02:32:24.316 INFO [http-nio-8089-exec-4] org.apache.catalina.core.ApplicationContext.log HTMLManager: list: Listing contexts for virtual host 'localhost'
16-Nov-2018 02:32:28.259 INFO [http-nio-8089-exec-7] org.apache.catalina.core.ApplicationContext.log HTMLManager: undeploy: Undeploying web application at '/Assignement_SingletonClient'
16-Nov-2018 02:32:28.804 INFO [http-nio-8089-exec-7] org.apache.catalina.core.ApplicationContext.log HTMLManager: list: Listing contexts for virtual host 'localhost'
16-Nov-2018 02:32:33.401 INFO [http-nio-8089-exec-11] org.apache.catalina.core.ApplicationContext.log HTMLManager: undeploy: Undeploying web application at '/Assignement_SingletonClient'
16-Nov-2018 02:32:33.402 INFO [http-nio-8089-exec-11] org.apache.catalina.core.ApplicationContext.log HTMLManager: list: Listing contexts for virtual host 'localhost'
16-Nov-2018 02:32:43.812 INFO [http-nio-8089-exec-12] org.apache.catalina.core.ApplicationContext.log HTMLManager: list: Listing contexts for virtual host 'localhost'
16-Nov-2018 02:33:01.769 INFO [http-nio-8089-exec-6] org.apache.catalina.core.ApplicationContext.log HTMLManager: list: Listing contexts for virtual host 'localhost'
16-Nov-2018 02:35:26.604 INFO [http-nio-8089-exec-13] org.apache.catalina.core.ApplicationContext.log HTMLManager: list: Listing contexts for virtual host 'localhost'
16-Nov-2018 02:38:58.039 INFO [http-nio-8089-exec-2] org.apache.catalina.core.ApplicationContext.log HTMLManager: init: Associated with Deployer 'Catalina:type=Deployer,host=localhost'
16-Nov-2018 02:38:58.039 INFO [http-nio-8089-exec-2] org.apache.catalina.core.ApplicationContext.log HTMLManager: init: Global resources are available
16-Nov-2018 02:38:58.050 INFO [http-nio-8089-exec-2] org.apache.catalina.core.ApplicationContext.log HTMLManager: list: Listing contexts for virtual host 'localhost'
16-Nov-2018 02:39:00.629 INFO [http-nio-8089-exec-3] org.apache.catalina.core.ApplicationContext.log HTMLManager: undeploy: Undeploying web application at '/Assignement_Singleton'
16-Nov-2018 02:39:01.166 INFO [http-nio-8089-exec-3] org.apache.catalina.core.ApplicationContext.log HTMLManager: list: Listing contexts for virtual host 'localhost'
16-Nov-2018 02:39:04.107 INFO [http-nio-8089-exec-1] org.apache.catalina.core.ApplicationContext.log HTMLManager: undeploy: Undeploying web application at '/Assignement_SingletonClient'
16-Nov-2018 02:39:04.633 INFO [http-nio-8089-exec-1] org.apache.catalina.core.ApplicationContext.log HTMLManager: list: Listing contexts for virtual host 'localhost'
16-Nov-2018 02:39:18.842 INFO [http-nio-8089-exec-6] org.apache.catalina.core.ApplicationContext.log HTMLManager: undeploy: Undeploying web application at '/Assignement_SingletonClient'
16-Nov-2018 02:39:18.842 INFO [http-nio-8089-exec-6] org.apache.catalina.core.ApplicationContext.log HTMLManager: list: Listing contexts for virtual host 'localhost'
16-Nov-2018 02:39:23.360 INFO [http-nio-8089-exec-7] org.apache.catalina.core.ApplicationContext.log HTMLManager: list: Listing contexts for virtual host 'localhost'
16-Nov-2018 02:39:44.274 INFO [http-nio-8089-exec-4] org.apache.catalina.core.ApplicationContext.log HTMLManager: list: Listing contexts for virtual host 'localhost'
16-Nov-2018 02:40:00.650 INFO [http-nio-8089-exec-8] org.apache.catalina.core.ApplicationContext.log HTMLManager: list: Listing contexts for virtual host 'localhost'
16-Nov-2018 02:40:05.357 INFO [http-nio-8089-exec-12] org.apache.catalina.core.ApplicationContext.log HTMLManager: list: Listing contexts for virtual host 'localhost'
